Watching for file changes with StatReloader
Performing system checks...

System check identified no issues (0 silenced).

You have 18 unapplied migration(s). Your project may not work properly until you apply the migrations for app(s): admin, auth, contenttypes, sessions.
Run 'python manage.py migrate' to apply them.
October 08, 2023 - 15:53:27
Django version 4.2.4, using settings 'photo_service.settings'
Starting development server at http://127.0.0.1:8000/
Quit the server with CONTROL-C.

Watching for file changes with StatReloader
Performing system checks...

System check identified no issues (0 silenced).

You have 18 unapplied migration(s). Your project may not work properly until you apply the migrations for app(s): admin, auth, contenttypes, sessions.
Run 'python manage.py migrate' to apply them.
October 08, 2023 - 15:53:47
Django version 4.2.4, using settings 'photo_service.settings'
Starting development server at http://0.0.0.0:8000/
Quit the server with CONTROL-C.

[08/Oct/2023 15:54:01] "GET /upload/ HTTP/1.0" 200 1981
Watching for file changes with StatReloader
Performing system checks...

System check identified no issues (0 silenced).

You have 18 unapplied migration(s). Your project may not work properly until you apply the migrations for app(s): admin, auth, contenttypes, sessions.
Run 'python manage.py migrate' to apply them.
October 08, 2023 - 16:50:00
Django version 4.2.4, using settings 'photo_service.settings'
Starting development server at http://127.0.0.1:8000/
Quit the server with CONTROL-C.

Watching for file changes with StatReloader
Performing system checks...

System check identified no issues (0 silenced).

You have 18 unapplied migration(s). Your project may not work properly until you apply the migrations for app(s): admin, auth, contenttypes, sessions.
Run 'python manage.py migrate' to apply them.
October 09, 2023 - 08:20:02
Django version 4.2.4, using settings 'photo_service.settings'
Starting development server at http://0.0.0.0:8000/
Quit the server with CONTROL-C.

multipart/form-data; boundary=----WebKitFormBoundaryFEOwPzh9Gbl6oHFG
<QueryDict: {'generation_type': ['creative'], 'room_type': ['bedroom'], 'style': ['neoclassic'], 'facade_form': [''], 'hints': ['']}>
 bedroom clean modern classic 
0
31
62
93
93
application/json
<QueryDict: {'image': ['https://app.botmother.com/api/files/6523b7e90aac0822c8cb38bf'], 'style': ['classic'], 'room_type': ['bedroom'], 'generation_type': ['creative'], 'facade_form': ['corner_kitchen']}>
 bedroom clean classic 
application/json
<QueryDict: {'image': ['https://app.botmother.com/api/files/6523b7f70aac08d976cb3b3c'], 'style': ['neoclassic'], 'room_type': ['closet'], 'generation_type': ['realistic'], 'facade_form': ['']}>
 https://interior-slon.ru/gstatic/photo_app/img/images_slon/closet/neoclassic/815.jpg closet clean modern classic 
Watching for file changes with StatReloader
Performing system checks...

System check identified no issues (0 silenced).

You have 18 unapplied migration(s). Your project may not work properly until you apply the migrations for app(s): admin, auth, contenttypes, sessions.
Run 'python manage.py migrate' to apply them.
October 09, 2023 - 08:52:41
Django version 4.2.4, using settings 'photo_service.settings'
Starting development server at http://0.0.0.0:8000/
Quit the server with CONTROL-C.

[09/Oct/2023 08:52:45] "GET /upload/ HTTP/1.0" 200 1981
